<?xml version="1.0" encoding="UTF-8"?>
<!-- Generated by org.testng.reporters.JUnitXMLReporter -->
<testsuite ignored="3" hostname="DESKTOP-O7V7EB1" failures="0" tests="1" name="Default test" time="0.051" errors="0" timestamp="2025-01-31T09:52:25 IST">
  <testcase classname="com.testim.TestBase.TestBase" name="@BeforeTest setUPBrowser" time="-1.738297345282E9">
    <failure type="org.testng.TestNGException" message="
Parameter &amp;apos;BR&amp;apos; is required by BeforeTest on method setUPBrowser but has not been marked @Optional or defined
in C:\Users\Dell\AppData\Local\Temp\testng-eclipse--81091356\testng-customsuite.xml">
      <![CDATA[org.testng.TestNGException: 
Parameter 'BR' is required by BeforeTest on method setUPBrowser but has not been marked @Optional or defined
in C:\Users\Dell\AppData\Local\Temp\testng-eclipse--81091356\testng-customsuite.xml
at org.testng.internal.Parameters.createParams(Parameters.java:267)
at org.testng.internal.Parameters.createParametersForMethod(Parameters.java:355)
at org.testng.internal.Parameters.createParameters(Parameters.java:660)
at org.testng.internal.Parameters.createConfigurationParameters(Parameters.java:166)
at org.testng.internal.invokers.ConfigInvoker.invokeConfigurations(ConfigInvoker.java:300)
at org.testng.TestRunner.invokeTestConfigurations(TestRunner.java:645)
at org.testng.TestRunner.beforeRun(TestRunner.java:634)
at org.testng.TestRunner.run(TestRunner.java:596)
at org.testng.SuiteRunner.runTest(SuiteRunner.java:429)
at org.testng.SuiteRunner.runSequentially(SuiteRunner.java:423)
at org.testng.SuiteRunner.privateRun(SuiteRunner.java:383)
at org.testng.SuiteRunner.run(SuiteRunner.java:326)
at org.testng.SuiteRunnerWorker.runSuite(SuiteRunnerWorker.java:52)
at org.testng.SuiteRunnerWorker.run(SuiteRunnerWorker.java:95)
at org.testng.TestNG.runSuitesSequentially(TestNG.java:1249)
at org.testng.TestNG.runSuitesLocally(TestNG.java:1169)
at org.testng.TestNG.runSuites(TestNG.java:1092)
at org.testng.TestNG.run(TestNG.java:1060)
at org.testng.remote.AbstractRemoteTestNG.run(AbstractRemoteTestNG.java:115)
at org.testng.remote.RemoteTestNG.initAndRun(RemoteTestNG.java:293)
at org.testng.remote.RemoteTestNG.main(RemoteTestNG.java:91)
]]>
    </failure>
  </testcase> <!-- @BeforeTest setUPBrowser -->
  <testcase classname="com.testim.featutesTest.LoginTest" name="@BeforeMethod LaunchURL" time="0.0">
    <skipped/>
  </testcase> <!-- @BeforeMethod LaunchURL -->
  <testcase classname="com.testim.TestBase.TestBase" name="@AfterTest tearDown" time="0.0">
    <skipped/>
  </testcase> <!-- @AfterTest tearDown -->
  <testcase classname="com.testim.featutesTest.LoginTest" name="loginWithoutEnterUsernamePassword" time="0.0">
    <skipped/>
  </testcase> <!-- loginWithoutEnterUsernamePassword -->
  <testcase classname="com.testim.featutesTest.LoginTest" name="loginWithoutEnterPassword" time="0.0">
    <ignored/>
  </testcase> <!-- loginWithoutEnterPassword -->
  <testcase classname="com.testim.featutesTest.LoginTest" name="loginWithValidUserNamePassword" time="0.0">
    <ignored/>
  </testcase> <!-- loginWithValidUserNamePassword -->
  <testcase classname="com.testim.featutesTest.LoginTest" name="loginWithInvalidUserNamePassword" time="0.0">
    <ignored/>
  </testcase> <!-- loginWithInvalidUserNamePassword -->
</testsuite> <!-- Default test -->
